ˈkarne ˈkar.ne: 0.0
ˈma.re ˈmaːre: 0.0
ˈver.de ˈver.de: 0.0
tu t̪u: 1.25
tu t̪u: 1.25
ɨn ˈin: 1.25
ˈu.nu ˈuno: 1.6666666666666665
ˈdinte ˈdɛnte: 2.0
ˈlunə ˈlu.na: 2.5
a.niˈmal aniˈmale: 4.230769230769231
ˈpeʃte ˈpeʃːe: 5.0
roˈtund roˈtondo: 5.769230769230768
noj ˈnoi: 5.833333333333334
ˈro.ʃu ˈros.so: 6.111111111111112
ˈsa.re ˈsale: 6.25
veˈde̯a veˈde.re: 6.363636363636363
trej tre: 6.428571428571429
doj ˈdu.e: 6.666666666666666
ˈmɨ.nə ˈmaːno: 6.875
kald ˈkaldo: 7.222222222222222
larɡ ˈlarɡo: 7.222222222222222
ˈarbore ˈal.be.ro: 7.5
ˈne.ɡru ˈne.ro: 7.777777777777778
drept dritto: 8.181818181818182
kəˈde̯a kaˈdere: 8.181818181818182
korn ˈkɔr.no: 8.333333333333334
ˈjar.bə ˈɛrba: 8.333333333333334
dorˈmi dorˈmire: 8.75
ˈzitʃe ˈdi.re: 8.75
luŋɡ ˈlunɡo: 8.88888888888889
ˈkɨj.ne ˈka.ne: 8.88888888888889
kum ˈkome: 9.285714285714286
ˈlimbə ˈliŋ.ɡwa: 9.545454545454547
be̯a ˈbe.re: 10.0
koˈrekt korˈrɛtto: 10.0
ˈkʷadə ˈkoda: 10.0
ˈma.mə ˈma.dre: 10.0
ˈta.tə ˈpa.dre: 10.0
ˈpa.tru ˈkwat.tro: 10.416666666666668
ˈsɨn.d͡ʒe ˈsan.ɡwe: 10.454545454545453
veˈni veˈnire: 10.5
ˈpjele ˈpɛlle: 10.5
strɨmt ˈstretːo: 10.833333333333332
uˈre.ke ɔˈrekkjo: 10.833333333333332
skurt ˈkorto: 11.0
muˈri moˈrire: 11.5
ˈno̯ap.te ˈnɔtːe: 11.5
kɨnˈta kanˈtaːre: 11.666666666666668
ku kon: 12.0
nu non: 12.0
ˈso̯are ˈso.le: 12.222222222222223
ˈt͡si.ne teˈne.re: 12.5
ˈpen.tru kə perˈke: 13.461538461538463
ˈmuntɛ monˈtaɲɲa: 13.846153846153847
ˈʃarpe serˈpɛn.te: 13.846153846153847
puˈt͡sin ˈpɔ.ko: 13.88888888888889
dʒeˈnunkʲ dʒiˈnɔkkjo: 13.928571428571427
alt ˈal.tro: 14.375
plin ˈpjɛno: 14.444444444444445
t͡ʃint͡ʃʲ ˈt͡ʃin.kwe: 14.5
tot ˈtutto: 15.0
ʃi e: 15.0
ˈret͡ʃe ˈfreddo: 15.0
ˈɡal.ben ˈdʒal.lo: 15.454545454545453
kɨnd ˈkwando: 15.5
səˈmɨntsə ˈseme: 15.909090909090908
fok ˈfwɔko: 16.25
as.kuˈt͡sit affiˈlato: 16.333333333333332
deˈpar.te lonˈtano: 16.428571428571427
kap ˈtɛs.ta: 16.875
murˈdar ˈspɔrko: 17.083333333333332
omoˈrɨ utˈt͡ʃi.de.re: 17.307692307692307
bun ˈbwɔː.no: 17.5
da ˈda.re: 17.5
t͡ʃer ˈt͡ʃɛ.lo: 17.857142857142858
muʃˈka ˈmɔrdere: 17.916666666666668
zəˈpadə ˈne.ve: 18.0
ˈfrikə paˈu.ra: 18.0
os ˈɔsso: 18.333333333333332
usˈkat ˈsekko: 18.5
aˈt͡ʃest ˈkwes.to: 18.636363636363637
feˈmeje ˈdɔn.na: 18.636363636363637
ˈunde ˈdove: 18.75
pəˈmɨnt ˈtɛr.ra: 19.090909090909093
an ˈan.no: 19.166666666666668
now ˈnwɔ.vo: 19.375
vekʲ ˈvɛk.kjo: 19.444444444444443
trəˈi ˈvi.ve.re: 19.5
ˈinimə ˈkwɔːre: 20.0
ˈmer.d͡ʒe kammiˈnare: 20.0
ˈplʷaje ˈpjɔddʒa: 20.0
ˈne.ted ˈliʃʃo: 20.5
ˈfrun.zə ˈfɔʎʎa: 20.909090909090907
ˈt͡ʃe̯a.t͡sə ˈnebbja: 20.909090909090907
freˈka strofiˈnare: 21.333333333333332
fulɡ ˈpjuma: 21.666666666666664
om ˈwɔ.mo: 21.666666666666664
ɡros ˈspes.so: 22.0
ʃti saˈpeː.re: 22.22222222222222
a.ˈpro̯a.pe viˈtʃino: 22.692307692307693
aˈt͡ʃela ˈkwello: 22.72727272727273
rɨw ˈfju.me: 23.125
la a: 23.333333333333336
nor ˈnu.vo.la: 25.0
okʲ ˈɔk.kjo: 25.0
ow ˈwɔ.vo: 25.833333333333336
ɡrew peˈsante: 25.909090909090907
niˈsip ˈsab.bja: 26.363636363636363
slab sotˈtile: 26.818181818181817
sots maˈri.to: 27.22222222222222
mik pikˈko.lo: 27.5
rəw kaˈtːiːvo: 28.333333333333336
alb ˈbjaŋko: 29.444444444444446
fiw bamˈbi.no: 30.0
zi ˈd͡ʒorno: 30.714285714285715
luˈa manˈdʒa.re: 32.5
ɡɨt ˈkɔl.lo: 32.5
aˈit͡ʃʲ kwa: 33.333333333333336
ud baɲˈɲato: 38.888888888888886
